<?xml version="1.0" encoding="UTF-8"?>
<!-- Generated by org.testng.reporters.JUnitXMLReporter -->
<testsuite ignored="1" hostname="E3480-KDibakar" failures="0" tests="1" name="Default test" time="62.098" errors="0" timestamp="26 Sep 2021 23:42:15 GMT">
  <testcase classname="com.dk.project1.testCases.FacebookTests" name="PostFacebookStatus" time="62.05"/>
  <testcase classname="com.dk.project1.testCases.FacebookTests" name="PostFacebookStatus2" time="0.0">
    <ignored/>
  </testcase> <!-- PostFacebookStatus2 -->
</testsuite> <!-- Default test -->
