<?xml version="1.0" encoding="UTF-8"?>
<testng-results ignored="0" total="4" passed="4" failed="0" skipped="0">
  <reporter-output>
  </reporter-output>
  <suite started-at="2021-09-26T23:43:09Z" name="Suite1" finished-at="2021-09-26T23:44:11Z" duration-ms="61821">
    <groups>
    </groups>
    <test started-at="2021-09-26T23:43:09Z" name="Trial" finished-at="2021-09-26T23:44:11Z" duration-ms="61821">
      <class name="com.dk.project1.testCases.FacebookTests">
        <test-method is-config="true" signature="ClassLevelSetUp()[pri:0, instance:com.dk.project1.testCases.FacebookTests@4988d8b8]" started-at="2021-09-26T23:43:09Z" name="ClassLevelSetUp" finished-at="2021-09-26T23:43:09Z" duration-ms="25" status="PASS">
          <reporter-output>
          </reporter-output>
        </test-method> <!-- ClassLevelSetUp -->
        <test-method signature="PostFacebookStatus2()[pri:0, instance:com.dk.project1.testCases.FacebookTests@4988d8b8]" started-at="2021-09-26T23:43:09Z" name="PostFacebookStatus2" finished-at="2021-09-26T23:44:09Z" duration-ms="59953" status="PASS">
          <reporter-output>
          </reporter-output>
        </test-method> <!-- PostFacebookStatus2 -->
        <test-method signature="PostFacebookStatus()[pri:0, instance:com.dk.project1.testCases.FacebookTests@4988d8b8]" started-at="2021-09-26T23:43:09Z" name="PostFacebookStatus" finished-at="2021-09-26T23:44:11Z" duration-ms="61772" status="PASS">
          <reporter-output>
          </reporter-output>
        </test-method> <!-- PostFacebookStatus -->
      </class> <!-- com.dk.project1.testCases.FacebookTests -->
      <class name="com.dk.project1.testCases.GoogleTest">
        <test-method is-config="true" signature="ClassLevelSetUp()[pri:0, instance:com.dk.project1.testCases.GoogleTest@c0c2f8d]" started-at="2021-09-26T23:43:09Z" name="ClassLevelSetUp" finished-at="2021-09-26T23:43:09Z" duration-ms="24" status="PASS">
          <reporter-output>
          </reporter-output>
        </test-method> <!-- ClassLevelSetUp -->
        <test-method signature="NavigatetoGoogle()[pri:0, instance:com.dk.project1.testCases.GoogleTest@c0c2f8d]" started-at="2021-09-26T23:43:09Z" name="NavigatetoGoogle" finished-at="2021-09-26T23:43:28Z" duration-ms="18561" status="PASS">
          <reporter-output>
          </reporter-output>
        </test-method> <!-- NavigatetoGoogle -->
        <test-method signature="NavigatetoGoogle2nd()[pri:0, instance:com.dk.project1.testCases.GoogleTest@c0c2f8d]" started-at="2021-09-26T23:43:09Z" name="NavigatetoGoogle2nd" finished-at="2021-09-26T23:43:27Z" duration-ms="17961" status="PASS">
          <reporter-output>
          </reporter-output>
        </test-method> <!-- NavigatetoGoogle2nd -->
      </class> <!-- com.dk.project1.testCases.GoogleTest -->
    </test> <!-- Trial -->
  </suite> <!-- Suite1 -->
</testng-results>
