<?xml version="1.0" encoding="UTF-8"?>
<testng-results ignored="0" total="4" passed="4" failed="0" skipped="0">
  <reporter-output>
  </reporter-output>
  <suite started-at="2021-09-27T06:22:53Z" name="Suite1" finished-at="2021-09-27T06:23:54Z" duration-ms="61541">
    <groups>
    </groups>
    <test started-at="2021-09-27T06:22:53Z" name="Trial" finished-at="2021-09-27T06:23:54Z" duration-ms="61541">
      <class name="com.dk.project1.testCases.FacebookTests">
        <test-method is-config="true" signature="ClassLevelSetUp()[pri:0, instance:com.dk.project1.testCases.FacebookTests@5609159b]" started-at="2021-09-27T06:22:53Z" name="ClassLevelSetUp" finished-at="2021-09-27T06:22:53Z" duration-ms="273" status="PASS">
          <reporter-output>
          </reporter-output>
        </test-method> <!-- ClassLevelSetUp -->
        <test-method signature="PostFacebookStatus2()[pri:0, instance:com.dk.project1.testCases.FacebookTests@5609159b]" started-at="2021-09-27T06:22:53Z" name="PostFacebookStatus2" finished-at="2021-09-27T06:23:54Z" duration-ms="61171" status="PASS">
          <reporter-output>
          </reporter-output>
        </test-method> <!-- PostFacebookStatus2 -->
        <test-method signature="PostFacebookStatus()[pri:0, instance:com.dk.project1.testCases.FacebookTests@5609159b]" started-at="2021-09-27T06:22:53Z" name="PostFacebookStatus" finished-at="2021-09-27T06:23:45Z" duration-ms="52069" status="PASS">
          <reporter-output>
          </reporter-output>
        </test-method> <!-- PostFacebookStatus -->
        <test-method is-config="true" signature="afterMetod()[pri:0, instance:com.dk.project1.testCases.FacebookTests@5609159b]" started-at="2021-09-27T06:23:45Z" name="afterMetod" finished-at="2021-09-27T06:23:45Z" duration-ms="122" status="PASS">
          <reporter-output>
          </reporter-output>
        </test-method> <!-- afterMetod -->
        <test-method is-config="true" signature="afterMetod()[pri:0, instance:com.dk.project1.testCases.FacebookTests@5609159b]" started-at="2021-09-27T06:23:54Z" name="afterMetod" finished-at="2021-09-27T06:23:54Z" duration-ms="61" status="PASS">
          <reporter-output>
          </reporter-output>
        </test-method> <!-- afterMetod -->
      </class> <!-- com.dk.project1.testCases.FacebookTests -->
      <class name="com.dk.project1.testCases.GoogleTest">
        <test-method is-config="true" signature="ClassLevelSetUp()[pri:0, instance:com.dk.project1.testCases.GoogleTest@2118cddf]" started-at="2021-09-27T06:22:53Z" name="ClassLevelSetUp" finished-at="2021-09-27T06:22:53Z" duration-ms="273" status="PASS">
          <reporter-output>
          </reporter-output>
        </test-method> <!-- ClassLevelSetUp -->
        <test-method signature="NavigatetoGoogle()[pri:0, instance:com.dk.project1.testCases.GoogleTest@2118cddf]" started-at="2021-09-27T06:22:53Z" name="NavigatetoGoogle" finished-at="2021-09-27T06:23:11Z" duration-ms="18480" status="PASS">
          <reporter-output>
          </reporter-output>
        </test-method> <!-- NavigatetoGoogle -->
        <test-method signature="NavigatetoGoogle2nd()[pri:0, instance:com.dk.project1.testCases.GoogleTest@2118cddf]" started-at="2021-09-27T06:22:53Z" name="NavigatetoGoogle2nd" finished-at="2021-09-27T06:23:11Z" duration-ms="18455" status="PASS">
          <reporter-output>
          </reporter-output>
        </test-method> <!-- NavigatetoGoogle2nd -->
        <test-method is-config="true" signature="afterMetod()[pri:0, instance:com.dk.project1.testCases.GoogleTest@2118cddf]" started-at="2021-09-27T06:23:11Z" name="afterMetod" finished-at="2021-09-27T06:23:12Z" duration-ms="459" status="PASS">
          <reporter-output>
          </reporter-output>
        </test-method> <!-- afterMetod -->
        <test-method is-config="true" signature="afterMetod()[pri:0, instance:com.dk.project1.testCases.GoogleTest@2118cddf]" started-at="2021-09-27T06:23:11Z" name="afterMetod" finished-at="2021-09-27T06:23:12Z" duration-ms="502" status="PASS">
          <reporter-output>
          </reporter-output>
        </test-method> <!-- afterMetod -->
      </class> <!-- com.dk.project1.testCases.GoogleTest -->
    </test> <!-- Trial -->
  </suite> <!-- Suite1 -->
</testng-results>
